c:\users\gabriela\documents\visual studio 2015\projects\tga\readobj\readobj\debug\vc140.pdb
c:\users\gabriela\documents\visual studio 2015\projects\tga\readobj\readobj\debug\vc140.idb
c:\users\gabriela\documents\visual studio 2015\projects\tga\readobj\readobj\debug\source.obj
c:\users\gabriela\documents\visual studio 2015\projects\teste\readobj\readobj\debug\vc140.pdb
c:\users\gabriela\documents\visual studio 2015\projects\teste\readobj\readobj\debug\vc140.idb
c:\users\gabriela\documents\visual studio 2015\projects\teste\readobj\readobj\debug\source.obj
c:\users\gabriela\documents\visual studio 2015\projects\tgb\readobj\readobj\readobj\debug\vc140.pdb
c:\users\gabriela\documents\visual studio 2015\projects\tgb\readobj\readobj\readobj\debug\vc140.idb
c:\users\gabriela\documents\visual studio 2015\projects\tgb\readobj\readobj\readobj\debug\source.obj
c:\users\gabriela\documents\visual studio 2015\projects\tga\readobj\debug\readobj.ilk
c:\users\gabriela\documents\visual studio 2015\projects\tga\readobj\debug\readobj.exe
c:\users\gabriela\documents\visual studio 2015\projects\tga\readobj\debug\readobj.pdb
c:\users\gabriela\documents\visual studio 2015\projects\teste\readobj\debug\readobj.ilk
c:\users\gabriela\documents\visual studio 2015\projects\teste\readobj\debug\readobj.exe
c:\users\gabriela\documents\visual studio 2015\projects\teste\readobj\debug\readobj.pdb
c:\users\gabriela\documents\visual studio 2015\projects\tgb\readobj\readobj\debug\readobj.ilk
c:\users\gabriela\documents\visual studio 2015\projects\tgb\readobj\readobj\debug\readobj.exe
c:\users\gabriela\documents\visual studio 2015\projects\tgb\readobj\readobj\debug\readobj.pdb
c:\users\gabriela\documents\visual studio 2015\projects\tgb\readobj\readobj\readobj\debug\source.obj.enc
c:\users\gabriela\documents\visual studio 2015\projects\tgb\readobj\readobj\readobj\debug\readobj.tlog\cl.command.1.tlog
c:\users\gabriela\documents\visual studio 2015\projects\tgb\readobj\readobj\readobj\debug\readobj.tlog\cl.read.1.tlog
c:\users\gabriela\documents\visual studio 2015\projects\tgb\readobj\readobj\readobj\debug\readobj.tlog\cl.write.1.tlog
c:\users\gabriela\documents\visual studio 2015\projects\tgb\readobj\readobj\readobj\debug\readobj.tlog\link.command.1.tlog
c:\users\gabriela\documents\visual studio 2015\projects\tgb\readobj\readobj\readobj\debug\readobj.tlog\link.read.1.tlog
c:\users\gabriela\documents\visual studio 2015\projects\tgb\readobj\readobj\readobj\debug\readobj.tlog\link.write.1.tlog
