  Source.cpp
c:\users\gabriela\documents\visual studio 2015\projects\tgb\readobj\readobj\readobj\mtllib.h(63): warning C4244: 'initializing': conversion from 'std::streamoff' to 'long', possible loss of data
c:\users\gabriela\documents\visual studio 2015\projects\tgb\readobj\readobj\readobj\mtllib.h(68): warning C4018: '<': signed/unsigned mismatch
c:\users\gabriela\documents\visual studio 2015\projects\tgb\readobj\readobj\readobj\obj.h(27): warning C4018: '<': signed/unsigned mismatch
c:\users\gabriela\documents\visual studio 2015\projects\tgb\readobj\readobj\readobj\obj.h(29): warning C4018: '<': signed/unsigned mismatch
c:\users\gabriela\documents\visual studio 2015\projects\tgb\readobj\readobj\readobj\obj.h(83): warning C4244: 'argument': conversion from 'float' to 'int', possible loss of data
c:\users\gabriela\documents\visual studio 2015\projects\tgb\readobj\readobj\readobj\obj.h(85): warning C4244: 'argument': conversion from 'float' to 'int', possible loss of data
c:\users\gabriela\documents\visual studio 2015\projects\tgb\readobj\readobj\readobj\obj.h(87): warning C4244: 'argument': conversion from 'float' to 'int', possible loss of data
c:\users\gabriela\documents\visual studio 2015\projects\tgb\readobj\readobj\readobj\obj.h(153): warning C4244: 'initializing': conversion from 'std::streamoff' to 'long', possible loss of data
c:\users\gabriela\documents\visual studio 2015\projects\tgb\readobj\readobj\readobj\scene.h(71): warning C4244: 'initializing': conversion from 'std::streamoff' to 'long', possible loss of data
c:\users\gabriela\documents\visual studio 2015\projects\tgb\readobj\readobj\readobj\source.cpp(118): warning C4018: '<': signed/unsigned mismatch
c:\users\gabriela\documents\visual studio 2015\projects\tgb\readobj\readobj\readobj\source.cpp(133): warning C4018: '<': signed/unsigned mismatch
c:\users\gabriela\documents\visual studio 2015\projects\tgb\readobj\readobj\readobj\source.cpp(138): warning C4018: '<': signed/unsigned mismatch
c:\users\gabriela\documents\visual studio 2015\projects\tgb\readobj\readobj\readobj\source.cpp(205): warning C4244: 'initializing': conversion from 'double' to 'float', possible loss of data
c:\users\gabriela\documents\visual studio 2015\projects\tgb\readobj\readobj\readobj\source.cpp(257): warning C4018: '<': signed/unsigned mismatch
c:\users\gabriela\documents\visual studio 2015\projects\tgb\readobj\readobj\readobj\source.cpp(278): warning C4018: '<': signed/unsigned mismatch
c:\users\gabriela\documents\visual studio 2015\projects\tgb\readobj\readobj\readobj\source.cpp(197): warning C4101: 'texture': unreferenced local variable
c:\users\gabriela\documents\visual studio 2015\projects\tgb\readobj\readobj\readobj\source.cpp(358): warning C4244: '=': conversion from 'double' to 'float', possible loss of data
c:\users\gabriela\documents\visual studio 2015\projects\tgb\readobj\readobj\readobj\source.cpp(359): warning C4244: '=': conversion from 'double' to 'float', possible loss of data
c:\users\gabriela\documents\visual studio 2015\projects\tgb\readobj\readobj\readobj\source.cpp(363): warning C4244: 'initializing': conversion from 'double' to 'GLfloat', possible loss of data
c:\users\gabriela\documents\visual studio 2015\projects\tgb\readobj\readobj\readobj\source.cpp(364): warning C4244: 'initializing': conversion from 'double' to 'GLfloat', possible loss of data
c:\users\gabriela\documents\visual studio 2015\projects\tgb\readobj\readobj\readobj\source.cpp(366): warning C4244: '=': conversion from 'double' to 'float', possible loss of data
c:\users\gabriela\documents\visual studio 2015\projects\tgb\readobj\readobj\readobj\source.cpp(367): warning C4244: '=': conversion from 'double' to 'float', possible loss of data
c:\users\gabriela\documents\visual studio 2015\projects\tgb\readobj\readobj\readobj\source.cpp(374): warning C4244: 'argument': conversion from 'double' to 'GLfloat', possible loss of data
c:\users\gabriela\documents\visual studio 2015\projects\tgb\readobj\readobj\readobj\mtllib.h(72): warning C4715: 'Mtllib::getMaterialByName': not all control paths return a value
  ReadObj.vcxproj -> C:\Users\Gabriela\Documents\Visual Studio 2015\Projects\TGB\ReadObj\ReadObj\Debug\ReadObj.exe
  ReadObj.vcxproj -> C:\Users\Gabriela\Documents\Visual Studio 2015\Projects\TGB\ReadObj\ReadObj\Debug\ReadObj.pdb (Full PDB)
